[2013-11-27 02:05:11][9379][8131][ERROR][SQL Error: Access denied for user 'root'@'localhost' (using password: NO) at /home/mig/www/loc/maket2/engine/modules/database/Database.class.php line 72<br>
Array
(
    [code] => 1045
    [message] => Access denied for user 'root'@'localhost' (using password: NO)
    [query] => mysql_connect()
    [context] => /home/mig/www/loc/maket2/engine/modules/database/Database.class.php line 72
)
]
[2013-11-27 12:34:14][4724][1863][ERROR][SQL Error: Table 'maket2.prefix_adminset' doesn't exist at X:\home\maket\www\plugins\aceadminpanel\classes\modules\admin\mapper\Admin.mapper.class.php line 33<br>
Array
(
    [code] => 1146
    [message] => Table 'maket2.prefix_adminset' doesn't exist
    [query] => SELECT adminset_val FROM prefix_adminset WHERE adminset_key = 'version' 
    [context] => X:\home\maket\www\plugins\aceadminpanel\classes\modules\admin\mapper\Admin.mapper.class.php line 33
)
]
[2013-11-27 12:34:14][4724][1863][ERROR][SQL Error: Table 'maket2.prefix_adminset' doesn't exist at X:\home\maket\www\plugins\aceadminpanel\classes\modules\admin\mapper\Admin.mapper.class.php line 28<br>
Array
(
    [code] => 1146
    [message] => Table 'maket2.prefix_adminset' doesn't exist
    [query] => SELECT adminset_key AS `key`, adminset_val AS `val` FROM prefix_adminset WHERE adminset_key LIKE 'config.all.%' 
    [context] => X:\home\maket\www\plugins\aceadminpanel\classes\modules\admin\mapper\Admin.mapper.class.php line 28
)
]
[2013-11-27 12:34:23][4724][9169][ERROR][SQL Error: Table 'maket2.prefix_adminset' doesn't exist at X:\home\maket\www\plugins\aceadminpanel\classes\modules\admin\mapper\Admin.mapper.class.php line 33<br>
Array
(
    [code] => 1146
    [message] => Table 'maket2.prefix_adminset' doesn't exist
    [query] => SELECT adminset_val FROM prefix_adminset WHERE adminset_key = 'version' 
    [context] => X:\home\maket\www\plugins\aceadminpanel\classes\modules\admin\mapper\Admin.mapper.class.php line 33
)
]
[2013-11-27 12:34:57][4724][8260][ERROR][SQL Error: Table 'maket2.prefix_adminset' doesn't exist at X:\home\maket\www\plugins\aceadminpanel\classes\modules\admin\mapper\Admin.mapper.class.php line 33<br>
Array
(
    [code] => 1146
    [message] => Table 'maket2.prefix_adminset' doesn't exist
    [query] => SELECT adminset_val FROM prefix_adminset WHERE adminset_key = 'version' 
    [context] => X:\home\maket\www\plugins\aceadminpanel\classes\modules\admin\mapper\Admin.mapper.class.php line 33
)
]
[2013-11-27 13:29:27][4724][9203][ERROR][SQL Error: Table 'maket2.prefix_adminset' doesn't exist at X:\home\maket\www\plugins\aceadminpanel\classes\modules\admin\mapper\Admin.mapper.class.php line 33<br>
Array
(
    [code] => 1146
    [message] => Table 'maket2.prefix_adminset' doesn't exist
    [query] => SELECT adminset_val FROM prefix_adminset WHERE adminset_key = 'version' 
    [context] => X:\home\maket\www\plugins\aceadminpanel\classes\modules\admin\mapper\Admin.mapper.class.php line 33
)
]
[2013-11-27 13:29:28][4724][6528][ERROR][SQL Error: Table 'maket2.prefix_adminset' doesn't exist at X:\home\maket\www\plugins\aceadminpanel\classes\modules\admin\mapper\Admin.mapper.class.php line 33<br>
Array
(
    [code] => 1146
    [message] => Table 'maket2.prefix_adminset' doesn't exist
    [query] => SELECT adminset_val FROM prefix_adminset WHERE adminset_key = 'version' 
    [context] => X:\home\maket\www\plugins\aceadminpanel\classes\modules\admin\mapper\Admin.mapper.class.php line 33
)
]
[2013-11-27 13:29:28][4724][6528][ERROR][SQL Error: Table 'maket2.prefix_adminban' doesn't exist at X:\home\maket\www\plugins\aceadminpanel\classes\modules\admin\mapper\Admin.mapper.class.php line 228<br>
Array
(
    [code] => 1146
    [message] => Table 'maket2.prefix_adminban' doesn't exist
    [query] => SELECT
                u.*,
                IF(ua.user_id IS NULL,0,1) as user_is_administrator,
                ab.banline, ab.banunlim, ab.bancomment, ab.banactive,
                INET_ATON('127.0.0.1') as ipn
            FROM
                prefix_user as u
            LEFT JOIN prefix_user_administrator AS ua ON u.user_id=ua.user_id
            LEFT JOIN prefix_adminban AS ab ON u.user_id=ab.user_id
            WHERE
                u.user_id = '1' 
    [context] => X:\home\maket\www\plugins\aceadminpanel\classes\modules\admin\mapper\Admin.mapper.class.php line 228
)
]
[2013-11-27 13:33:27][4724][7910][ERROR][SQL Error: Table 'maket2.prefix_adminset' doesn't exist at X:\home\maket\www\plugins\aceadminpanel\classes\modules\admin\mapper\Admin.mapper.class.php line 33<br>
Array
(
    [code] => 1146
    [message] => Table 'maket2.prefix_adminset' doesn't exist
    [query] => SELECT adminset_val FROM prefix_adminset WHERE adminset_key = 'version' 
    [context] => X:\home\maket\www\plugins\aceadminpanel\classes\modules\admin\mapper\Admin.mapper.class.php line 33
)
]
[2013-11-27 15:06:47][4724][6125][ERROR][SQL Error: Table 'maket2.prefix_adminset' doesn't exist at X:\home\maket\www\plugins\aceadminpanel\classes\modules\admin\mapper\Admin.mapper.class.php line 33<br>
Array
(
    [code] => 1146
    [message] => Table 'maket2.prefix_adminset' doesn't exist
    [query] => SELECT adminset_val FROM prefix_adminset WHERE adminset_key = 'version' 
    [context] => X:\home\maket\www\plugins\aceadminpanel\classes\modules\admin\mapper\Admin.mapper.class.php line 33
)
]
[2013-11-27 15:06:47][4724][6125][ERROR][SQL Error: Table 'maket2.prefix_adminban' doesn't exist at X:\home\maket\www\plugins\aceadminpanel\classes\modules\admin\mapper\Admin.mapper.class.php line 228<br>
Array
(
    [code] => 1146
    [message] => Table 'maket2.prefix_adminban' doesn't exist
    [query] => SELECT
                u.*,
                IF(ua.user_id IS NULL,0,1) as user_is_administrator,
                ab.banline, ab.banunlim, ab.bancomment, ab.banactive,
                INET_ATON('127.0.0.1') as ipn
            FROM
                prefix_user as u
            LEFT JOIN prefix_user_administrator AS ua ON u.user_id=ua.user_id
            LEFT JOIN prefix_adminban AS ab ON u.user_id=ab.user_id
            WHERE
                u.user_id = '1' 
    [context] => X:\home\maket\www\plugins\aceadminpanel\classes\modules\admin\mapper\Admin.mapper.class.php line 228
)
]
[2013-11-27 15:06:51][4724][3050][ERROR][SQL Error: Table 'maket2.prefix_adminset' doesn't exist at X:\home\maket\www\plugins\aceadminpanel\classes\modules\admin\mapper\Admin.mapper.class.php line 33<br>
Array
(
    [code] => 1146
    [message] => Table 'maket2.prefix_adminset' doesn't exist
    [query] => SELECT adminset_val FROM prefix_adminset WHERE adminset_key = 'version' 
    [context] => X:\home\maket\www\plugins\aceadminpanel\classes\modules\admin\mapper\Admin.mapper.class.php line 33
)
]
[2013-11-27 15:06:52][4724][3050][ERROR][SQL Error: Table 'maket2.prefix_adminset' doesn't exist at X:\home\maket\www\plugins\aceadminpanel\classes\modules\admin\mapper\Admin.mapper.class.php line 33<br>
Array
(
    [code] => 1146
    [message] => Table 'maket2.prefix_adminset' doesn't exist
    [query] => SELECT adminset_val FROM prefix_adminset WHERE adminset_key = 'param_reserved_urls' 
    [context] => X:\home\maket\www\plugins\aceadminpanel\classes\modules\admin\mapper\Admin.mapper.class.php line 33
)
]
[2013-11-27 15:06:52][4724][3050][ERROR][SQL Error: Table 'maket2.prefix_adminset' doesn't exist at X:\home\maket\www\plugins\aceadminpanel\classes\modules\admin\mapper\Admin.mapper.class.php line 33<br>
Array
(
    [code] => 1146
    [message] => Table 'maket2.prefix_adminset' doesn't exist
    [query] => SELECT adminset_val FROM prefix_adminset WHERE adminset_key = 'param_items_per_page' 
    [context] => X:\home\maket\www\plugins\aceadminpanel\classes\modules\admin\mapper\Admin.mapper.class.php line 33
)
]
[2013-11-27 15:06:52][4724][3050][ERROR][SQL Error: Table 'maket2.prefix_adminset' doesn't exist at X:\home\maket\www\plugins\aceadminpanel\classes\modules\admin\mapper\Admin.mapper.class.php line 33<br>
Array
(
    [code] => 1146
    [message] => Table 'maket2.prefix_adminset' doesn't exist
    [query] => SELECT adminset_val FROM prefix_adminset WHERE adminset_key = 'param_votes_per_page' 
    [context] => X:\home\maket\www\plugins\aceadminpanel\classes\modules\admin\mapper\Admin.mapper.class.php line 33
)
]
[2013-11-27 15:06:52][4724][3050][ERROR][SQL Error: Table 'maket2.prefix_adminset' doesn't exist at X:\home\maket\www\plugins\aceadminpanel\classes\modules\admin\mapper\Admin.mapper.class.php line 33<br>
Array
(
    [code] => 1146
    [message] => Table 'maket2.prefix_adminset' doesn't exist
    [query] => SELECT adminset_val FROM prefix_adminset WHERE adminset_key = 'param_edit_footer' 
    [context] => X:\home\maket\www\plugins\aceadminpanel\classes\modules\admin\mapper\Admin.mapper.class.php line 33
)
]
[2013-11-27 15:06:52][4724][3050][ERROR][SQL Error: Table 'maket2.prefix_adminset' doesn't exist at X:\home\maket\www\plugins\aceadminpanel\classes\modules\admin\mapper\Admin.mapper.class.php line 33<br>
Array
(
    [code] => 1146
    [message] => Table 'maket2.prefix_adminset' doesn't exist
    [query] => SELECT adminset_val FROM prefix_adminset WHERE adminset_key = 'param_vote_value' 
    [context] => X:\home\maket\www\plugins\aceadminpanel\classes\modules\admin\mapper\Admin.mapper.class.php line 33
)
]
[2013-11-27 15:06:52][4724][3050][ERROR][SQL Error: Table 'maket2.prefix_adminset' doesn't exist at X:\home\maket\www\plugins\aceadminpanel\classes\modules\admin\mapper\Admin.mapper.class.php line 33<br>
Array
(
    [code] => 1146
    [message] => Table 'maket2.prefix_adminset' doesn't exist
    [query] => SELECT adminset_val FROM prefix_adminset WHERE adminset_key = 'param_check_password' 
    [context] => X:\home\maket\www\plugins\aceadminpanel\classes\modules\admin\mapper\Admin.mapper.class.php line 33
)
]
[2013-11-27 15:07:12][4724][8662][ERROR][SQL Error: Table 'maket2.prefix_adminset' doesn't exist at X:\home\maket\www\plugins\aceadminpanel\classes\modules\admin\mapper\Admin.mapper.class.php line 33<br>
Array
(
    [code] => 1146
    [message] => Table 'maket2.prefix_adminset' doesn't exist
    [query] => SELECT adminset_val FROM prefix_adminset WHERE adminset_key = 'version' 
    [context] => X:\home\maket\www\plugins\aceadminpanel\classes\modules\admin\mapper\Admin.mapper.class.php line 33
)
]
[2013-11-27 15:07:12][4724][8662][ERROR][SQL Error: Table 'maket2.prefix_adminset' doesn't exist at X:\home\maket\www\plugins\aceadminpanel\classes\modules\admin\mapper\Admin.mapper.class.php line 33<br>
Array
(
    [code] => 1146
    [message] => Table 'maket2.prefix_adminset' doesn't exist
    [query] => SELECT adminset_val FROM prefix_adminset WHERE adminset_key = 'param_reserved_urls' 
    [context] => X:\home\maket\www\plugins\aceadminpanel\classes\modules\admin\mapper\Admin.mapper.class.php line 33
)
]
[2013-11-27 15:07:12][4724][8662][ERROR][SQL Error: Table 'maket2.prefix_adminset' doesn't exist at X:\home\maket\www\plugins\aceadminpanel\classes\modules\admin\mapper\Admin.mapper.class.php line 33<br>
Array
(
    [code] => 1146
    [message] => Table 'maket2.prefix_adminset' doesn't exist
    [query] => SELECT adminset_val FROM prefix_adminset WHERE adminset_key = 'param_items_per_page' 
    [context] => X:\home\maket\www\plugins\aceadminpanel\classes\modules\admin\mapper\Admin.mapper.class.php line 33
)
]
[2013-11-27 15:07:12][4724][8662][ERROR][SQL Error: Table 'maket2.prefix_adminset' doesn't exist at X:\home\maket\www\plugins\aceadminpanel\classes\modules\admin\mapper\Admin.mapper.class.php line 33<br>
Array
(
    [code] => 1146
    [message] => Table 'maket2.prefix_adminset' doesn't exist
    [query] => SELECT adminset_val FROM prefix_adminset WHERE adminset_key = 'param_votes_per_page' 
    [context] => X:\home\maket\www\plugins\aceadminpanel\classes\modules\admin\mapper\Admin.mapper.class.php line 33
)
]
[2013-11-27 15:07:12][4724][8662][ERROR][SQL Error: Table 'maket2.prefix_adminset' doesn't exist at X:\home\maket\www\plugins\aceadminpanel\classes\modules\admin\mapper\Admin.mapper.class.php line 33<br>
Array
(
    [code] => 1146
    [message] => Table 'maket2.prefix_adminset' doesn't exist
    [query] => SELECT adminset_val FROM prefix_adminset WHERE adminset_key = 'param_edit_footer' 
    [context] => X:\home\maket\www\plugins\aceadminpanel\classes\modules\admin\mapper\Admin.mapper.class.php line 33
)
]
[2013-11-27 15:07:12][4724][8662][ERROR][SQL Error: Table 'maket2.prefix_adminset' doesn't exist at X:\home\maket\www\plugins\aceadminpanel\classes\modules\admin\mapper\Admin.mapper.class.php line 33<br>
Array
(
    [code] => 1146
    [message] => Table 'maket2.prefix_adminset' doesn't exist
    [query] => SELECT adminset_val FROM prefix_adminset WHERE adminset_key = 'param_vote_value' 
    [context] => X:\home\maket\www\plugins\aceadminpanel\classes\modules\admin\mapper\Admin.mapper.class.php line 33
)
]
[2013-11-27 15:07:12][4724][8662][ERROR][SQL Error: Table 'maket2.prefix_adminset' doesn't exist at X:\home\maket\www\plugins\aceadminpanel\classes\modules\admin\mapper\Admin.mapper.class.php line 33<br>
Array
(
    [code] => 1146
    [message] => Table 'maket2.prefix_adminset' doesn't exist
    [query] => SELECT adminset_val FROM prefix_adminset WHERE adminset_key = 'param_check_password' 
    [context] => X:\home\maket\www\plugins\aceadminpanel\classes\modules\admin\mapper\Admin.mapper.class.php line 33
)
]
[2013-11-27 15:07:12][4724][8662][ERROR][SQL Error: Table 'maket2.prefix_adminset' doesn't exist at X:\home\maket\www\plugins\aceadminpanel\classes\modules\admin\mapper\Admin.mapper.class.php line 28<br>
Array
(
    [code] => 1146
    [message] => Table 'maket2.prefix_adminset' doesn't exist
    [query] => SELECT adminset_key AS `key`, adminset_val AS `val` FROM prefix_adminset WHERE adminset_key LIKE 'config.all.%' 
    [context] => X:\home\maket\www\plugins\aceadminpanel\classes\modules\admin\mapper\Admin.mapper.class.php line 28
)
]
[2013-11-27 15:07:20][4724][8829][ERROR][SQL Error: Table 'maket2.prefix_adminset' doesn't exist at X:\home\maket\www\plugins\aceadminpanel\classes\modules\admin\mapper\Admin.mapper.class.php line 33<br>
Array
(
    [code] => 1146
    [message] => Table 'maket2.prefix_adminset' doesn't exist
    [query] => SELECT adminset_val FROM prefix_adminset WHERE adminset_key = 'version' 
    [context] => X:\home\maket\www\plugins\aceadminpanel\classes\modules\admin\mapper\Admin.mapper.class.php line 33
)
]
[2013-11-27 15:07:21][4724][8829][ERROR][SQL Error: Table 'maket2.prefix_adminset' doesn't exist at X:\home\maket\www\plugins\aceadminpanel\classes\modules\admin\mapper\Admin.mapper.class.php line 33<br>
Array
(
    [code] => 1146
    [message] => Table 'maket2.prefix_adminset' doesn't exist
    [query] => SELECT adminset_val FROM prefix_adminset WHERE adminset_key = 'param_reserved_urls' 
    [context] => X:\home\maket\www\plugins\aceadminpanel\classes\modules\admin\mapper\Admin.mapper.class.php line 33
)
]
[2013-11-27 15:07:21][4724][8829][ERROR][SQL Error: Table 'maket2.prefix_adminset' doesn't exist at X:\home\maket\www\plugins\aceadminpanel\classes\modules\admin\mapper\Admin.mapper.class.php line 33<br>
Array
(
    [code] => 1146
    [message] => Table 'maket2.prefix_adminset' doesn't exist
    [query] => SELECT adminset_val FROM prefix_adminset WHERE adminset_key = 'param_items_per_page' 
    [context] => X:\home\maket\www\plugins\aceadminpanel\classes\modules\admin\mapper\Admin.mapper.class.php line 33
)
]
[2013-11-27 15:07:21][4724][8829][ERROR][SQL Error: Table 'maket2.prefix_adminset' doesn't exist at X:\home\maket\www\plugins\aceadminpanel\classes\modules\admin\mapper\Admin.mapper.class.php line 33<br>
Array
(
    [code] => 1146
    [message] => Table 'maket2.prefix_adminset' doesn't exist
    [query] => SELECT adminset_val FROM prefix_adminset WHERE adminset_key = 'param_votes_per_page' 
    [context] => X:\home\maket\www\plugins\aceadminpanel\classes\modules\admin\mapper\Admin.mapper.class.php line 33
)
]
[2013-11-27 15:07:21][4724][8829][ERROR][SQL Error: Table 'maket2.prefix_adminset' doesn't exist at X:\home\maket\www\plugins\aceadminpanel\classes\modules\admin\mapper\Admin.mapper.class.php line 33<br>
Array
(
    [code] => 1146
    [message] => Table 'maket2.prefix_adminset' doesn't exist
    [query] => SELECT adminset_val FROM prefix_adminset WHERE adminset_key = 'param_edit_footer' 
    [context] => X:\home\maket\www\plugins\aceadminpanel\classes\modules\admin\mapper\Admin.mapper.class.php line 33
)
]
[2013-11-27 15:07:21][4724][8829][ERROR][SQL Error: Table 'maket2.prefix_adminset' doesn't exist at X:\home\maket\www\plugins\aceadminpanel\classes\modules\admin\mapper\Admin.mapper.class.php line 33<br>
Array
(
    [code] => 1146
    [message] => Table 'maket2.prefix_adminset' doesn't exist
    [query] => SELECT adminset_val FROM prefix_adminset WHERE adminset_key = 'param_vote_value' 
    [context] => X:\home\maket\www\plugins\aceadminpanel\classes\modules\admin\mapper\Admin.mapper.class.php line 33
)
]
[2013-11-27 15:07:21][4724][8829][ERROR][SQL Error: Table 'maket2.prefix_adminset' doesn't exist at X:\home\maket\www\plugins\aceadminpanel\classes\modules\admin\mapper\Admin.mapper.class.php line 33<br>
Array
(
    [code] => 1146
    [message] => Table 'maket2.prefix_adminset' doesn't exist
    [query] => SELECT adminset_val FROM prefix_adminset WHERE adminset_key = 'param_check_password' 
    [context] => X:\home\maket\www\plugins\aceadminpanel\classes\modules\admin\mapper\Admin.mapper.class.php line 33
)
]
[2013-11-27 15:07:21][4724][8829][ERROR][SQL Error: Table 'maket2.prefix_adminset' doesn't exist at X:\home\maket\www\plugins\aceadminpanel\classes\modules\admin\mapper\Admin.mapper.class.php line 28<br>
Array
(
    [code] => 1146
    [message] => Table 'maket2.prefix_adminset' doesn't exist
    [query] => SELECT adminset_key AS `key`, adminset_val AS `val` FROM prefix_adminset WHERE adminset_key LIKE 'config.all.%' 
    [context] => X:\home\maket\www\plugins\aceadminpanel\classes\modules\admin\mapper\Admin.mapper.class.php line 28
)
]
[2013-11-27 15:07:21][4724][8829][ERROR][SQL Error: Table 'maket2.prefix_adminset' doesn't exist at X:\home\maket\www\plugins\aceadminpanel\classes\modules\admin\mapper\Admin.mapper.class.php line 42<br>
Array
(
    [code] => 1146
    [message] => Table 'maket2.prefix_adminset' doesn't exist
    [query] => SELECT adminset_val FROM prefix_adminset WHERE adminset_key ='config.all.view.skin' 
    [context] => X:\home\maket\www\plugins\aceadminpanel\classes\modules\admin\mapper\Admin.mapper.class.php line 42
)
]
[2013-11-27 15:07:21][4724][5345][ERROR][SQL Error: Table 'maket2.prefix_adminset' doesn't exist at X:\home\maket\www\plugins\aceadminpanel\classes\modules\admin\mapper\Admin.mapper.class.php line 33<br>
Array
(
    [code] => 1146
    [message] => Table 'maket2.prefix_adminset' doesn't exist
    [query] => SELECT adminset_val FROM prefix_adminset WHERE adminset_key = 'version' 
    [context] => X:\home\maket\www\plugins\aceadminpanel\classes\modules\admin\mapper\Admin.mapper.class.php line 33
)
]
[2013-11-27 15:07:23][4724][3753][ERROR][SQL Error: Table 'maket2.prefix_adminset' doesn't exist at X:\home\maket\www\plugins\aceadminpanel\classes\modules\admin\mapper\Admin.mapper.class.php line 33<br>
Array
(
    [code] => 1146
    [message] => Table 'maket2.prefix_adminset' doesn't exist
    [query] => SELECT adminset_val FROM prefix_adminset WHERE adminset_key = 'version' 
    [context] => X:\home\maket\www\plugins\aceadminpanel\classes\modules\admin\mapper\Admin.mapper.class.php line 33
)
]
[2013-11-27 15:07:23][4724][3753][ERROR][SQL Error: Table 'maket2.prefix_adminset' doesn't exist at X:\home\maket\www\plugins\aceadminpanel\classes\modules\admin\mapper\Admin.mapper.class.php line 33<br>
Array
(
    [code] => 1146
    [message] => Table 'maket2.prefix_adminset' doesn't exist
    [query] => SELECT adminset_val FROM prefix_adminset WHERE adminset_key = 'param_reserved_urls' 
    [context] => X:\home\maket\www\plugins\aceadminpanel\classes\modules\admin\mapper\Admin.mapper.class.php line 33
)
]
[2013-11-27 15:07:23][4724][3753][ERROR][SQL Error: Table 'maket2.prefix_adminset' doesn't exist at X:\home\maket\www\plugins\aceadminpanel\classes\modules\admin\mapper\Admin.mapper.class.php line 33<br>
Array
(
    [code] => 1146
    [message] => Table 'maket2.prefix_adminset' doesn't exist
    [query] => SELECT adminset_val FROM prefix_adminset WHERE adminset_key = 'param_items_per_page' 
    [context] => X:\home\maket\www\plugins\aceadminpanel\classes\modules\admin\mapper\Admin.mapper.class.php line 33
)
]
[2013-11-27 15:07:23][4724][3753][ERROR][SQL Error: Table 'maket2.prefix_adminset' doesn't exist at X:\home\maket\www\plugins\aceadminpanel\classes\modules\admin\mapper\Admin.mapper.class.php line 33<br>
Array
(
    [code] => 1146
    [message] => Table 'maket2.prefix_adminset' doesn't exist
    [query] => SELECT adminset_val FROM prefix_adminset WHERE adminset_key = 'param_votes_per_page' 
    [context] => X:\home\maket\www\plugins\aceadminpanel\classes\modules\admin\mapper\Admin.mapper.class.php line 33
)
]
[2013-11-27 15:07:23][4724][3753][ERROR][SQL Error: Table 'maket2.prefix_adminset' doesn't exist at X:\home\maket\www\plugins\aceadminpanel\classes\modules\admin\mapper\Admin.mapper.class.php line 33<br>
Array
(
    [code] => 1146
    [message] => Table 'maket2.prefix_adminset' doesn't exist
    [query] => SELECT adminset_val FROM prefix_adminset WHERE adminset_key = 'param_edit_footer' 
    [context] => X:\home\maket\www\plugins\aceadminpanel\classes\modules\admin\mapper\Admin.mapper.class.php line 33
)
]
[2013-11-27 15:07:23][4724][3753][ERROR][SQL Error: Table 'maket2.prefix_adminset' doesn't exist at X:\home\maket\www\plugins\aceadminpanel\classes\modules\admin\mapper\Admin.mapper.class.php line 33<br>
Array
(
    [code] => 1146
    [message] => Table 'maket2.prefix_adminset' doesn't exist
    [query] => SELECT adminset_val FROM prefix_adminset WHERE adminset_key = 'param_vote_value' 
    [context] => X:\home\maket\www\plugins\aceadminpanel\classes\modules\admin\mapper\Admin.mapper.class.php line 33
)
]
[2013-11-27 15:07:23][4724][3753][ERROR][SQL Error: Table 'maket2.prefix_adminset' doesn't exist at X:\home\maket\www\plugins\aceadminpanel\classes\modules\admin\mapper\Admin.mapper.class.php line 33<br>
Array
(
    [code] => 1146
    [message] => Table 'maket2.prefix_adminset' doesn't exist
    [query] => SELECT adminset_val FROM prefix_adminset WHERE adminset_key = 'param_check_password' 
    [context] => X:\home\maket\www\plugins\aceadminpanel\classes\modules\admin\mapper\Admin.mapper.class.php line 33
)
]
[2013-11-27 15:07:24][4724][3753][ERROR][SQL Error: Table 'maket2.prefix_adminset' doesn't exist at X:\home\maket\www\plugins\aceadminpanel\classes\modules\admin\mapper\Admin.mapper.class.php line 28<br>
Array
(
    [code] => 1146
    [message] => Table 'maket2.prefix_adminset' doesn't exist
    [query] => SELECT adminset_key AS `key`, adminset_val AS `val` FROM prefix_adminset WHERE adminset_key LIKE 'config.all.%' 
    [context] => X:\home\maket\www\plugins\aceadminpanel\classes\modules\admin\mapper\Admin.mapper.class.php line 28
)
]
[2013-11-27 15:07:29][4724][8503][ERROR][SQL Error: Table 'maket2.prefix_adminset' doesn't exist at X:\home\maket\www\plugins\aceadminpanel\classes\modules\admin\mapper\Admin.mapper.class.php line 33<br>
Array
(
    [code] => 1146
    [message] => Table 'maket2.prefix_adminset' doesn't exist
    [query] => SELECT adminset_val FROM prefix_adminset WHERE adminset_key = 'version' 
    [context] => X:\home\maket\www\plugins\aceadminpanel\classes\modules\admin\mapper\Admin.mapper.class.php line 33
)
]
[2013-11-27 15:07:29][4724][8503][ERROR][SQL Error: Table 'maket2.prefix_adminset' doesn't exist at X:\home\maket\www\plugins\aceadminpanel\classes\modules\admin\mapper\Admin.mapper.class.php line 33<br>
Array
(
    [code] => 1146
    [message] => Table 'maket2.prefix_adminset' doesn't exist
    [query] => SELECT adminset_val FROM prefix_adminset WHERE adminset_key = 'param_reserved_urls' 
    [context] => X:\home\maket\www\plugins\aceadminpanel\classes\modules\admin\mapper\Admin.mapper.class.php line 33
)
]
[2013-11-27 15:07:29][4724][8503][ERROR][SQL Error: Table 'maket2.prefix_adminset' doesn't exist at X:\home\maket\www\plugins\aceadminpanel\classes\modules\admin\mapper\Admin.mapper.class.php line 33<br>
Array
(
    [code] => 1146
    [message] => Table 'maket2.prefix_adminset' doesn't exist
    [query] => SELECT adminset_val FROM prefix_adminset WHERE adminset_key = 'param_items_per_page' 
    [context] => X:\home\maket\www\plugins\aceadminpanel\classes\modules\admin\mapper\Admin.mapper.class.php line 33
)
]
[2013-11-27 15:07:29][4724][8503][ERROR][SQL Error: Table 'maket2.prefix_adminset' doesn't exist at X:\home\maket\www\plugins\aceadminpanel\classes\modules\admin\mapper\Admin.mapper.class.php line 33<br>
Array
(
    [code] => 1146
    [message] => Table 'maket2.prefix_adminset' doesn't exist
    [query] => SELECT adminset_val FROM prefix_adminset WHERE adminset_key = 'param_votes_per_page' 
    [context] => X:\home\maket\www\plugins\aceadminpanel\classes\modules\admin\mapper\Admin.mapper.class.php line 33
)
]
[2013-11-27 15:07:29][4724][8503][ERROR][SQL Error: Table 'maket2.prefix_adminset' doesn't exist at X:\home\maket\www\plugins\aceadminpanel\classes\modules\admin\mapper\Admin.mapper.class.php line 33<br>
Array
(
    [code] => 1146
    [message] => Table 'maket2.prefix_adminset' doesn't exist
    [query] => SELECT adminset_val FROM prefix_adminset WHERE adminset_key = 'param_edit_footer' 
    [context] => X:\home\maket\www\plugins\aceadminpanel\classes\modules\admin\mapper\Admin.mapper.class.php line 33
)
]
[2013-11-27 15:07:29][4724][8503][ERROR][SQL Error: Table 'maket2.prefix_adminset' doesn't exist at X:\home\maket\www\plugins\aceadminpanel\classes\modules\admin\mapper\Admin.mapper.class.php line 33<br>
Array
(
    [code] => 1146
    [message] => Table 'maket2.prefix_adminset' doesn't exist
    [query] => SELECT adminset_val FROM prefix_adminset WHERE adminset_key = 'param_vote_value' 
    [context] => X:\home\maket\www\plugins\aceadminpanel\classes\modules\admin\mapper\Admin.mapper.class.php line 33
)
]
[2013-11-27 15:07:29][4724][8503][ERROR][SQL Error: Table 'maket2.prefix_adminset' doesn't exist at X:\home\maket\www\plugins\aceadminpanel\classes\modules\admin\mapper\Admin.mapper.class.php line 33<br>
Array
(
    [code] => 1146
    [message] => Table 'maket2.prefix_adminset' doesn't exist
    [query] => SELECT adminset_val FROM prefix_adminset WHERE adminset_key = 'param_check_password' 
    [context] => X:\home\maket\www\plugins\aceadminpanel\classes\modules\admin\mapper\Admin.mapper.class.php line 33
)
]
[2013-11-27 15:07:29][4724][8503][ERROR][SQL Error: Table 'maket2.prefix_adminset' doesn't exist at X:\home\maket\www\plugins\aceadminpanel\classes\modules\admin\mapper\Admin.mapper.class.php line 28<br>
Array
(
    [code] => 1146
    [message] => Table 'maket2.prefix_adminset' doesn't exist
    [query] => SELECT adminset_key AS `key`, adminset_val AS `val` FROM prefix_adminset WHERE adminset_key LIKE 'config.all.%' 
    [context] => X:\home\maket\www\plugins\aceadminpanel\classes\modules\admin\mapper\Admin.mapper.class.php line 28
)
]
[2013-11-27 15:07:29][4724][8503][ERROR][SQL Error: Table 'maket2.prefix_adminset' doesn't exist at X:\home\maket\www\plugins\aceadminpanel\classes\modules\admin\mapper\Admin.mapper.class.php line 42<br>
Array
(
    [code] => 1146
    [message] => Table 'maket2.prefix_adminset' doesn't exist
    [query] => SELECT adminset_val FROM prefix_adminset WHERE adminset_key ='config.all.view.skin' 
    [context] => X:\home\maket\www\plugins\aceadminpanel\classes\modules\admin\mapper\Admin.mapper.class.php line 42
)
]
[2013-11-27 15:07:57][4724][6287][ERROR][SQL Error: Table 'maket2.prefix_adminset' doesn't exist at X:\home\maket\www\plugins\aceadminpanel\classes\modules\admin\mapper\Admin.mapper.class.php line 33<br>
Array
(
    [code] => 1146
    [message] => Table 'maket2.prefix_adminset' doesn't exist
    [query] => SELECT adminset_val FROM prefix_adminset WHERE adminset_key = 'version' 
    [context] => X:\home\maket\www\plugins\aceadminpanel\classes\modules\admin\mapper\Admin.mapper.class.php line 33
)
]
[2013-11-27 15:07:58][4724][6287][ERROR][SQL Error: Table 'maket2.prefix_adminset' doesn't exist at X:\home\maket\www\plugins\aceadminpanel\classes\modules\admin\mapper\Admin.mapper.class.php line 33<br>
Array
(
    [code] => 1146
    [message] => Table 'maket2.prefix_adminset' doesn't exist
    [query] => SELECT adminset_val FROM prefix_adminset WHERE adminset_key = 'param_reserved_urls' 
    [context] => X:\home\maket\www\plugins\aceadminpanel\classes\modules\admin\mapper\Admin.mapper.class.php line 33
)
]
[2013-11-27 15:07:58][4724][6287][ERROR][SQL Error: Table 'maket2.prefix_adminset' doesn't exist at X:\home\maket\www\plugins\aceadminpanel\classes\modules\admin\mapper\Admin.mapper.class.php line 33<br>
Array
(
    [code] => 1146
    [message] => Table 'maket2.prefix_adminset' doesn't exist
    [query] => SELECT adminset_val FROM prefix_adminset WHERE adminset_key = 'param_items_per_page' 
    [context] => X:\home\maket\www\plugins\aceadminpanel\classes\modules\admin\mapper\Admin.mapper.class.php line 33
)
]
[2013-11-27 15:07:58][4724][6287][ERROR][SQL Error: Table 'maket2.prefix_adminset' doesn't exist at X:\home\maket\www\plugins\aceadminpanel\classes\modules\admin\mapper\Admin.mapper.class.php line 33<br>
Array
(
    [code] => 1146
    [message] => Table 'maket2.prefix_adminset' doesn't exist
    [query] => SELECT adminset_val FROM prefix_adminset WHERE adminset_key = 'param_votes_per_page' 
    [context] => X:\home\maket\www\plugins\aceadminpanel\classes\modules\admin\mapper\Admin.mapper.class.php line 33
)
]
[2013-11-27 15:07:58][4724][6287][ERROR][SQL Error: Table 'maket2.prefix_adminset' doesn't exist at X:\home\maket\www\plugins\aceadminpanel\classes\modules\admin\mapper\Admin.mapper.class.php line 33<br>
Array
(
    [code] => 1146
    [message] => Table 'maket2.prefix_adminset' doesn't exist
    [query] => SELECT adminset_val FROM prefix_adminset WHERE adminset_key = 'param_edit_footer' 
    [context] => X:\home\maket\www\plugins\aceadminpanel\classes\modules\admin\mapper\Admin.mapper.class.php line 33
)
]
[2013-11-27 15:07:58][4724][6287][ERROR][SQL Error: Table 'maket2.prefix_adminset' doesn't exist at X:\home\maket\www\plugins\aceadminpanel\classes\modules\admin\mapper\Admin.mapper.class.php line 33<br>
Array
(
    [code] => 1146
    [message] => Table 'maket2.prefix_adminset' doesn't exist
    [query] => SELECT adminset_val FROM prefix_adminset WHERE adminset_key = 'param_vote_value' 
    [context] => X:\home\maket\www\plugins\aceadminpanel\classes\modules\admin\mapper\Admin.mapper.class.php line 33
)
]
[2013-11-27 15:07:58][4724][6287][ERROR][SQL Error: Table 'maket2.prefix_adminset' doesn't exist at X:\home\maket\www\plugins\aceadminpanel\classes\modules\admin\mapper\Admin.mapper.class.php line 33<br>
Array
(
    [code] => 1146
    [message] => Table 'maket2.prefix_adminset' doesn't exist
    [query] => SELECT adminset_val FROM prefix_adminset WHERE adminset_key = 'param_check_password' 
    [context] => X:\home\maket\www\plugins\aceadminpanel\classes\modules\admin\mapper\Admin.mapper.class.php line 33
)
]
[2013-11-27 15:07:58][4724][6287][ERROR][SQL Error: Table 'maket2.prefix_adminset' doesn't exist at X:\home\maket\www\plugins\aceadminpanel\classes\modules\admin\mapper\Admin.mapper.class.php line 28<br>
Array
(
    [code] => 1146
    [message] => Table 'maket2.prefix_adminset' doesn't exist
    [query] => SELECT adminset_key AS `key`, adminset_val AS `val` FROM prefix_adminset WHERE adminset_key LIKE 'config.all.%' 
    [context] => X:\home\maket\www\plugins\aceadminpanel\classes\modules\admin\mapper\Admin.mapper.class.php line 28
)
]
[2013-11-27 15:08:08][4724][4708][ERROR][SQL Error: Table 'maket2.prefix_adminset' doesn't exist at X:\home\maket\www\plugins\aceadminpanel\classes\modules\admin\mapper\Admin.mapper.class.php line 33<br>
Array
(
    [code] => 1146
    [message] => Table 'maket2.prefix_adminset' doesn't exist
    [query] => SELECT adminset_val FROM prefix_adminset WHERE adminset_key = 'version' 
    [context] => X:\home\maket\www\plugins\aceadminpanel\classes\modules\admin\mapper\Admin.mapper.class.php line 33
)
]
[2013-11-27 15:08:09][4724][4708][ERROR][SQL Error: Table 'maket2.prefix_adminset' doesn't exist at X:\home\maket\www\plugins\aceadminpanel\classes\modules\admin\mapper\Admin.mapper.class.php line 33<br>
Array
(
    [code] => 1146
    [message] => Table 'maket2.prefix_adminset' doesn't exist
    [query] => SELECT adminset_val FROM prefix_adminset WHERE adminset_key = 'param_reserved_urls' 
    [context] => X:\home\maket\www\plugins\aceadminpanel\classes\modules\admin\mapper\Admin.mapper.class.php line 33
)
]
[2013-11-27 15:08:09][4724][4708][ERROR][SQL Error: Table 'maket2.prefix_adminset' doesn't exist at X:\home\maket\www\plugins\aceadminpanel\classes\modules\admin\mapper\Admin.mapper.class.php line 33<br>
Array
(
    [code] => 1146
    [message] => Table 'maket2.prefix_adminset' doesn't exist
    [query] => SELECT adminset_val FROM prefix_adminset WHERE adminset_key = 'param_items_per_page' 
    [context] => X:\home\maket\www\plugins\aceadminpanel\classes\modules\admin\mapper\Admin.mapper.class.php line 33
)
]
[2013-11-27 15:08:09][4724][4708][ERROR][SQL Error: Table 'maket2.prefix_adminset' doesn't exist at X:\home\maket\www\plugins\aceadminpanel\classes\modules\admin\mapper\Admin.mapper.class.php line 33<br>
Array
(
    [code] => 1146
    [message] => Table 'maket2.prefix_adminset' doesn't exist
    [query] => SELECT adminset_val FROM prefix_adminset WHERE adminset_key = 'param_votes_per_page' 
    [context] => X:\home\maket\www\plugins\aceadminpanel\classes\modules\admin\mapper\Admin.mapper.class.php line 33
)
]
[2013-11-27 15:08:09][4724][4708][ERROR][SQL Error: Table 'maket2.prefix_adminset' doesn't exist at X:\home\maket\www\plugins\aceadminpanel\classes\modules\admin\mapper\Admin.mapper.class.php line 33<br>
Array
(
    [code] => 1146
    [message] => Table 'maket2.prefix_adminset' doesn't exist
    [query] => SELECT adminset_val FROM prefix_adminset WHERE adminset_key = 'param_edit_footer' 
    [context] => X:\home\maket\www\plugins\aceadminpanel\classes\modules\admin\mapper\Admin.mapper.class.php line 33
)
]
[2013-11-27 15:08:09][4724][4708][ERROR][SQL Error: Table 'maket2.prefix_adminset' doesn't exist at X:\home\maket\www\plugins\aceadminpanel\classes\modules\admin\mapper\Admin.mapper.class.php line 33<br>
Array
(
    [code] => 1146
    [message] => Table 'maket2.prefix_adminset' doesn't exist
    [query] => SELECT adminset_val FROM prefix_adminset WHERE adminset_key = 'param_vote_value' 
    [context] => X:\home\maket\www\plugins\aceadminpanel\classes\modules\admin\mapper\Admin.mapper.class.php line 33
)
]
[2013-11-27 15:08:09][4724][4708][ERROR][SQL Error: Table 'maket2.prefix_adminset' doesn't exist at X:\home\maket\www\plugins\aceadminpanel\classes\modules\admin\mapper\Admin.mapper.class.php line 33<br>
Array
(
    [code] => 1146
    [message] => Table 'maket2.prefix_adminset' doesn't exist
    [query] => SELECT adminset_val FROM prefix_adminset WHERE adminset_key = 'param_check_password' 
    [context] => X:\home\maket\www\plugins\aceadminpanel\classes\modules\admin\mapper\Admin.mapper.class.php line 33
)
]
[2013-11-27 15:08:25][4724][7663][ERROR][SQL Error: Table 'maket2.prefix_adminset' doesn't exist at X:\home\maket\www\plugins\aceadminpanel\classes\modules\admin\mapper\Admin.mapper.class.php line 33<br>
Array
(
    [code] => 1146
    [message] => Table 'maket2.prefix_adminset' doesn't exist
    [query] => SELECT adminset_val FROM prefix_adminset WHERE adminset_key = 'version' 
    [context] => X:\home\maket\www\plugins\aceadminpanel\classes\modules\admin\mapper\Admin.mapper.class.php line 33
)
]
[2013-11-27 15:08:25][4724][7663][ERROR][SQL Error: Table 'maket2.prefix_adminset' doesn't exist at X:\home\maket\www\plugins\aceadminpanel\classes\modules\admin\mapper\Admin.mapper.class.php line 33<br>
Array
(
    [code] => 1146
    [message] => Table 'maket2.prefix_adminset' doesn't exist
    [query] => SELECT adminset_val FROM prefix_adminset WHERE adminset_key = 'param_reserved_urls' 
    [context] => X:\home\maket\www\plugins\aceadminpanel\classes\modules\admin\mapper\Admin.mapper.class.php line 33
)
]
[2013-11-27 15:08:25][4724][7663][ERROR][SQL Error: Table 'maket2.prefix_adminset' doesn't exist at X:\home\maket\www\plugins\aceadminpanel\classes\modules\admin\mapper\Admin.mapper.class.php line 33<br>
Array
(
    [code] => 1146
    [message] => Table 'maket2.prefix_adminset' doesn't exist
    [query] => SELECT adminset_val FROM prefix_adminset WHERE adminset_key = 'param_items_per_page' 
    [context] => X:\home\maket\www\plugins\aceadminpanel\classes\modules\admin\mapper\Admin.mapper.class.php line 33
)
]
[2013-11-27 15:08:25][4724][7663][ERROR][SQL Error: Table 'maket2.prefix_adminset' doesn't exist at X:\home\maket\www\plugins\aceadminpanel\classes\modules\admin\mapper\Admin.mapper.class.php line 33<br>
Array
(
    [code] => 1146
    [message] => Table 'maket2.prefix_adminset' doesn't exist
    [query] => SELECT adminset_val FROM prefix_adminset WHERE adminset_key = 'param_votes_per_page' 
    [context] => X:\home\maket\www\plugins\aceadminpanel\classes\modules\admin\mapper\Admin.mapper.class.php line 33
)
]
[2013-11-27 15:08:25][4724][7663][ERROR][SQL Error: Table 'maket2.prefix_adminset' doesn't exist at X:\home\maket\www\plugins\aceadminpanel\classes\modules\admin\mapper\Admin.mapper.class.php line 33<br>
Array
(
    [code] => 1146
    [message] => Table 'maket2.prefix_adminset' doesn't exist
    [query] => SELECT adminset_val FROM prefix_adminset WHERE adminset_key = 'param_edit_footer' 
    [context] => X:\home\maket\www\plugins\aceadminpanel\classes\modules\admin\mapper\Admin.mapper.class.php line 33
)
]
[2013-11-27 15:08:25][4724][7663][ERROR][SQL Error: Table 'maket2.prefix_adminset' doesn't exist at X:\home\maket\www\plugins\aceadminpanel\classes\modules\admin\mapper\Admin.mapper.class.php line 33<br>
Array
(
    [code] => 1146
    [message] => Table 'maket2.prefix_adminset' doesn't exist
    [query] => SELECT adminset_val FROM prefix_adminset WHERE adminset_key = 'param_vote_value' 
    [context] => X:\home\maket\www\plugins\aceadminpanel\classes\modules\admin\mapper\Admin.mapper.class.php line 33
)
]
[2013-11-27 15:08:25][4724][7663][ERROR][SQL Error: Table 'maket2.prefix_adminset' doesn't exist at X:\home\maket\www\plugins\aceadminpanel\classes\modules\admin\mapper\Admin.mapper.class.php line 33<br>
Array
(
    [code] => 1146
    [message] => Table 'maket2.prefix_adminset' doesn't exist
    [query] => SELECT adminset_val FROM prefix_adminset WHERE adminset_key = 'param_check_password' 
    [context] => X:\home\maket\www\plugins\aceadminpanel\classes\modules\admin\mapper\Admin.mapper.class.php line 33
)
]
[2013-11-27 15:08:33][4724][4646][ERROR][SQL Error: Table 'maket2.prefix_adminset' doesn't exist at X:\home\maket\www\plugins\aceadminpanel\classes\modules\admin\mapper\Admin.mapper.class.php line 33<br>
Array
(
    [code] => 1146
    [message] => Table 'maket2.prefix_adminset' doesn't exist
    [query] => SELECT adminset_val FROM prefix_adminset WHERE adminset_key = 'version' 
    [context] => X:\home\maket\www\plugins\aceadminpanel\classes\modules\admin\mapper\Admin.mapper.class.php line 33
)
]
[2013-11-27 15:08:34][4724][4646][ERROR][SQL Error: Table 'maket2.prefix_adminset' doesn't exist at X:\home\maket\www\plugins\aceadminpanel\classes\modules\admin\mapper\Admin.mapper.class.php line 33<br>
Array
(
    [code] => 1146
    [message] => Table 'maket2.prefix_adminset' doesn't exist
    [query] => SELECT adminset_val FROM prefix_adminset WHERE adminset_key = 'param_reserved_urls' 
    [context] => X:\home\maket\www\plugins\aceadminpanel\classes\modules\admin\mapper\Admin.mapper.class.php line 33
)
]
[2013-11-27 15:08:34][4724][4646][ERROR][SQL Error: Table 'maket2.prefix_adminset' doesn't exist at X:\home\maket\www\plugins\aceadminpanel\classes\modules\admin\mapper\Admin.mapper.class.php line 33<br>
Array
(
    [code] => 1146
    [message] => Table 'maket2.prefix_adminset' doesn't exist
    [query] => SELECT adminset_val FROM prefix_adminset WHERE adminset_key = 'param_items_per_page' 
    [context] => X:\home\maket\www\plugins\aceadminpanel\classes\modules\admin\mapper\Admin.mapper.class.php line 33
)
]
[2013-11-27 15:08:34][4724][4646][ERROR][SQL Error: Table 'maket2.prefix_adminset' doesn't exist at X:\home\maket\www\plugins\aceadminpanel\classes\modules\admin\mapper\Admin.mapper.class.php line 33<br>
Array
(
    [code] => 1146
    [message] => Table 'maket2.prefix_adminset' doesn't exist
    [query] => SELECT adminset_val FROM prefix_adminset WHERE adminset_key = 'param_votes_per_page' 
    [context] => X:\home\maket\www\plugins\aceadminpanel\classes\modules\admin\mapper\Admin.mapper.class.php line 33
)
]
[2013-11-27 15:08:34][4724][4646][ERROR][SQL Error: Table 'maket2.prefix_adminset' doesn't exist at X:\home\maket\www\plugins\aceadminpanel\classes\modules\admin\mapper\Admin.mapper.class.php line 33<br>
Array
(
    [code] => 1146
    [message] => Table 'maket2.prefix_adminset' doesn't exist
    [query] => SELECT adminset_val FROM prefix_adminset WHERE adminset_key = 'param_edit_footer' 
    [context] => X:\home\maket\www\plugins\aceadminpanel\classes\modules\admin\mapper\Admin.mapper.class.php line 33
)
]
[2013-11-27 15:08:34][4724][4646][ERROR][SQL Error: Table 'maket2.prefix_adminset' doesn't exist at X:\home\maket\www\plugins\aceadminpanel\classes\modules\admin\mapper\Admin.mapper.class.php line 33<br>
Array
(
    [code] => 1146
    [message] => Table 'maket2.prefix_adminset' doesn't exist
    [query] => SELECT adminset_val FROM prefix_adminset WHERE adminset_key = 'param_vote_value' 
    [context] => X:\home\maket\www\plugins\aceadminpanel\classes\modules\admin\mapper\Admin.mapper.class.php line 33
)
]
[2013-11-27 15:08:34][4724][4646][ERROR][SQL Error: Table 'maket2.prefix_adminset' doesn't exist at X:\home\maket\www\plugins\aceadminpanel\classes\modules\admin\mapper\Admin.mapper.class.php line 33<br>
Array
(
    [code] => 1146
    [message] => Table 'maket2.prefix_adminset' doesn't exist
    [query] => SELECT adminset_val FROM prefix_adminset WHERE adminset_key = 'param_check_password' 
    [context] => X:\home\maket\www\plugins\aceadminpanel\classes\modules\admin\mapper\Admin.mapper.class.php line 33
)
]
[2013-11-27 15:08:34][4724][4646][ERROR][SQL Error: Table 'maket2.prefix_adminset' doesn't exist at X:\home\maket\www\plugins\aceadminpanel\classes\modules\admin\mapper\Admin.mapper.class.php line 42<br>
Array
(
    [code] => 1146
    [message] => Table 'maket2.prefix_adminset' doesn't exist
    [query] => SELECT adminset_val FROM prefix_adminset WHERE adminset_key ='param_reserved_urls' 
    [context] => X:\home\maket\www\plugins\aceadminpanel\classes\modules\admin\mapper\Admin.mapper.class.php line 42
)
]
[2013-11-27 15:08:35][4724][6493][ERROR][SQL Error: Table 'maket2.prefix_adminset' doesn't exist at X:\home\maket\www\plugins\aceadminpanel\classes\modules\admin\mapper\Admin.mapper.class.php line 33<br>
Array
(
    [code] => 1146
    [message] => Table 'maket2.prefix_adminset' doesn't exist
    [query] => SELECT adminset_val FROM prefix_adminset WHERE adminset_key = 'version' 
    [context] => X:\home\maket\www\plugins\aceadminpanel\classes\modules\admin\mapper\Admin.mapper.class.php line 33
)
]
[2013-11-27 15:08:36][4724][6493][ERROR][SQL Error: Table 'maket2.prefix_adminset' doesn't exist at X:\home\maket\www\plugins\aceadminpanel\classes\modules\admin\mapper\Admin.mapper.class.php line 33<br>
Array
(
    [code] => 1146
    [message] => Table 'maket2.prefix_adminset' doesn't exist
    [query] => SELECT adminset_val FROM prefix_adminset WHERE adminset_key = 'param_reserved_urls' 
    [context] => X:\home\maket\www\plugins\aceadminpanel\classes\modules\admin\mapper\Admin.mapper.class.php line 33
)
]
[2013-11-27 15:08:36][4724][6493][ERROR][SQL Error: Table 'maket2.prefix_adminset' doesn't exist at X:\home\maket\www\plugins\aceadminpanel\classes\modules\admin\mapper\Admin.mapper.class.php line 33<br>
Array
(
    [code] => 1146
    [message] => Table 'maket2.prefix_adminset' doesn't exist
    [query] => SELECT adminset_val FROM prefix_adminset WHERE adminset_key = 'param_items_per_page' 
    [context] => X:\home\maket\www\plugins\aceadminpanel\classes\modules\admin\mapper\Admin.mapper.class.php line 33
)
]
[2013-11-27 15:08:36][4724][6493][ERROR][SQL Error: Table 'maket2.prefix_adminset' doesn't exist at X:\home\maket\www\plugins\aceadminpanel\classes\modules\admin\mapper\Admin.mapper.class.php line 33<br>
Array
(
    [code] => 1146
    [message] => Table 'maket2.prefix_adminset' doesn't exist
    [query] => SELECT adminset_val FROM prefix_adminset WHERE adminset_key = 'param_votes_per_page' 
    [context] => X:\home\maket\www\plugins\aceadminpanel\classes\modules\admin\mapper\Admin.mapper.class.php line 33
)
]
[2013-11-27 15:08:36][4724][6493][ERROR][SQL Error: Table 'maket2.prefix_adminset' doesn't exist at X:\home\maket\www\plugins\aceadminpanel\classes\modules\admin\mapper\Admin.mapper.class.php line 33<br>
Array
(
    [code] => 1146
    [message] => Table 'maket2.prefix_adminset' doesn't exist
    [query] => SELECT adminset_val FROM prefix_adminset WHERE adminset_key = 'param_edit_footer' 
    [context] => X:\home\maket\www\plugins\aceadminpanel\classes\modules\admin\mapper\Admin.mapper.class.php line 33
)
]
[2013-11-27 15:08:36][4724][6493][ERROR][SQL Error: Table 'maket2.prefix_adminset' doesn't exist at X:\home\maket\www\plugins\aceadminpanel\classes\modules\admin\mapper\Admin.mapper.class.php line 33<br>
Array
(
    [code] => 1146
    [message] => Table 'maket2.prefix_adminset' doesn't exist
    [query] => SELECT adminset_val FROM prefix_adminset WHERE adminset_key = 'param_vote_value' 
    [context] => X:\home\maket\www\plugins\aceadminpanel\classes\modules\admin\mapper\Admin.mapper.class.php line 33
)
]
[2013-11-27 15:08:36][4724][6493][ERROR][SQL Error: Table 'maket2.prefix_adminset' doesn't exist at X:\home\maket\www\plugins\aceadminpanel\classes\modules\admin\mapper\Admin.mapper.class.php line 33<br>
Array
(
    [code] => 1146
    [message] => Table 'maket2.prefix_adminset' doesn't exist
    [query] => SELECT adminset_val FROM prefix_adminset WHERE adminset_key = 'param_check_password' 
    [context] => X:\home\maket\www\plugins\aceadminpanel\classes\modules\admin\mapper\Admin.mapper.class.php line 33
)
]
[2013-11-27 15:08:47][4724][4509][ERROR][SQL Error: Table 'maket2.prefix_adminset' doesn't exist at X:\home\maket\www\plugins\aceadminpanel\classes\modules\admin\mapper\Admin.mapper.class.php line 33<br>
Array
(
    [code] => 1146
    [message] => Table 'maket2.prefix_adminset' doesn't exist
    [query] => SELECT adminset_val FROM prefix_adminset WHERE adminset_key = 'version' 
    [context] => X:\home\maket\www\plugins\aceadminpanel\classes\modules\admin\mapper\Admin.mapper.class.php line 33
)
]
[2013-11-27 15:08:47][4724][4509][ERROR][SQL Error: Table 'maket2.prefix_adminset' doesn't exist at X:\home\maket\www\plugins\aceadminpanel\classes\modules\admin\mapper\Admin.mapper.class.php line 33<br>
Array
(
    [code] => 1146
    [message] => Table 'maket2.prefix_adminset' doesn't exist
    [query] => SELECT adminset_val FROM prefix_adminset WHERE adminset_key = 'param_reserved_urls' 
    [context] => X:\home\maket\www\plugins\aceadminpanel\classes\modules\admin\mapper\Admin.mapper.class.php line 33
)
]
[2013-11-27 15:08:47][4724][4509][ERROR][SQL Error: Table 'maket2.prefix_adminset' doesn't exist at X:\home\maket\www\plugins\aceadminpanel\classes\modules\admin\mapper\Admin.mapper.class.php line 33<br>
Array
(
    [code] => 1146
    [message] => Table 'maket2.prefix_adminset' doesn't exist
    [query] => SELECT adminset_val FROM prefix_adminset WHERE adminset_key = 'param_items_per_page' 
    [context] => X:\home\maket\www\plugins\aceadminpanel\classes\modules\admin\mapper\Admin.mapper.class.php line 33
)
]
[2013-11-27 15:08:47][4724][4509][ERROR][SQL Error: Table 'maket2.prefix_adminset' doesn't exist at X:\home\maket\www\plugins\aceadminpanel\classes\modules\admin\mapper\Admin.mapper.class.php line 33<br>
Array
(
    [code] => 1146
    [message] => Table 'maket2.prefix_adminset' doesn't exist
    [query] => SELECT adminset_val FROM prefix_adminset WHERE adminset_key = 'param_votes_per_page' 
    [context] => X:\home\maket\www\plugins\aceadminpanel\classes\modules\admin\mapper\Admin.mapper.class.php line 33
)
]
[2013-11-27 15:08:47][4724][4509][ERROR][SQL Error: Table 'maket2.prefix_adminset' doesn't exist at X:\home\maket\www\plugins\aceadminpanel\classes\modules\admin\mapper\Admin.mapper.class.php line 33<br>
Array
(
    [code] => 1146
    [message] => Table 'maket2.prefix_adminset' doesn't exist
    [query] => SELECT adminset_val FROM prefix_adminset WHERE adminset_key = 'param_edit_footer' 
    [context] => X:\home\maket\www\plugins\aceadminpanel\classes\modules\admin\mapper\Admin.mapper.class.php line 33
)
]
[2013-11-27 15:08:47][4724][4509][ERROR][SQL Error: Table 'maket2.prefix_adminset' doesn't exist at X:\home\maket\www\plugins\aceadminpanel\classes\modules\admin\mapper\Admin.mapper.class.php line 33<br>
Array
(
    [code] => 1146
    [message] => Table 'maket2.prefix_adminset' doesn't exist
    [query] => SELECT adminset_val FROM prefix_adminset WHERE adminset_key = 'param_vote_value' 
    [context] => X:\home\maket\www\plugins\aceadminpanel\classes\modules\admin\mapper\Admin.mapper.class.php line 33
)
]
[2013-11-27 15:08:47][4724][4509][ERROR][SQL Error: Table 'maket2.prefix_adminset' doesn't exist at X:\home\maket\www\plugins\aceadminpanel\classes\modules\admin\mapper\Admin.mapper.class.php line 33<br>
Array
(
    [code] => 1146
    [message] => Table 'maket2.prefix_adminset' doesn't exist
    [query] => SELECT adminset_val FROM prefix_adminset WHERE adminset_key = 'param_check_password' 
    [context] => X:\home\maket\www\plugins\aceadminpanel\classes\modules\admin\mapper\Admin.mapper.class.php line 33
)
]
[2013-11-27 15:08:50][4724][1801][ERROR][SQL Error: Table 'maket2.prefix_adminset' doesn't exist at X:\home\maket\www\plugins\aceadminpanel\classes\modules\admin\mapper\Admin.mapper.class.php line 33<br>
Array
(
    [code] => 1146
    [message] => Table 'maket2.prefix_adminset' doesn't exist
    [query] => SELECT adminset_val FROM prefix_adminset WHERE adminset_key = 'version' 
    [context] => X:\home\maket\www\plugins\aceadminpanel\classes\modules\admin\mapper\Admin.mapper.class.php line 33
)
]
[2013-11-27 15:08:50][4724][1801][ERROR][SQL Error: Table 'maket2.prefix_adminset' doesn't exist at X:\home\maket\www\plugins\aceadminpanel\classes\modules\admin\mapper\Admin.mapper.class.php line 33<br>
Array
(
    [code] => 1146
    [message] => Table 'maket2.prefix_adminset' doesn't exist
    [query] => SELECT adminset_val FROM prefix_adminset WHERE adminset_key = 'param_reserved_urls' 
    [context] => X:\home\maket\www\plugins\aceadminpanel\classes\modules\admin\mapper\Admin.mapper.class.php line 33
)
]
[2013-11-27 15:08:50][4724][1801][ERROR][SQL Error: Table 'maket2.prefix_adminset' doesn't exist at X:\home\maket\www\plugins\aceadminpanel\classes\modules\admin\mapper\Admin.mapper.class.php line 33<br>
Array
(
    [code] => 1146
    [message] => Table 'maket2.prefix_adminset' doesn't exist
    [query] => SELECT adminset_val FROM prefix_adminset WHERE adminset_key = 'param_items_per_page' 
    [context] => X:\home\maket\www\plugins\aceadminpanel\classes\modules\admin\mapper\Admin.mapper.class.php line 33
)
]
[2013-11-27 15:08:50][4724][1801][ERROR][SQL Error: Table 'maket2.prefix_adminset' doesn't exist at X:\home\maket\www\plugins\aceadminpanel\classes\modules\admin\mapper\Admin.mapper.class.php line 33<br>
Array
(
    [code] => 1146
    [message] => Table 'maket2.prefix_adminset' doesn't exist
    [query] => SELECT adminset_val FROM prefix_adminset WHERE adminset_key = 'param_votes_per_page' 
    [context] => X:\home\maket\www\plugins\aceadminpanel\classes\modules\admin\mapper\Admin.mapper.class.php line 33
)
]
[2013-11-27 15:08:50][4724][1801][ERROR][SQL Error: Table 'maket2.prefix_adminset' doesn't exist at X:\home\maket\www\plugins\aceadminpanel\classes\modules\admin\mapper\Admin.mapper.class.php line 33<br>
Array
(
    [code] => 1146
    [message] => Table 'maket2.prefix_adminset' doesn't exist
    [query] => SELECT adminset_val FROM prefix_adminset WHERE adminset_key = 'param_edit_footer' 
    [context] => X:\home\maket\www\plugins\aceadminpanel\classes\modules\admin\mapper\Admin.mapper.class.php line 33
)
]
[2013-11-27 15:08:50][4724][1801][ERROR][SQL Error: Table 'maket2.prefix_adminset' doesn't exist at X:\home\maket\www\plugins\aceadminpanel\classes\modules\admin\mapper\Admin.mapper.class.php line 33<br>
Array
(
    [code] => 1146
    [message] => Table 'maket2.prefix_adminset' doesn't exist
    [query] => SELECT adminset_val FROM prefix_adminset WHERE adminset_key = 'param_vote_value' 
    [context] => X:\home\maket\www\plugins\aceadminpanel\classes\modules\admin\mapper\Admin.mapper.class.php line 33
)
]
[2013-11-27 15:08:50][4724][1801][ERROR][SQL Error: Table 'maket2.prefix_adminset' doesn't exist at X:\home\maket\www\plugins\aceadminpanel\classes\modules\admin\mapper\Admin.mapper.class.php line 33<br>
Array
(
    [code] => 1146
    [message] => Table 'maket2.prefix_adminset' doesn't exist
    [query] => SELECT adminset_val FROM prefix_adminset WHERE adminset_key = 'param_check_password' 
    [context] => X:\home\maket\www\plugins\aceadminpanel\classes\modules\admin\mapper\Admin.mapper.class.php line 33
)
]
[2013-12-16 13:31:38][800][5476][ERROR][SQL Error: Table 'social.prefix_openid' doesn't exist at X:\home\maket\www\plugins\openid\classes\modules\openid\mapper\Openid.mapper.class.php line 74<br>
Array
(
    [code] => 1146
    [message] => Table 'social.prefix_openid' doesn't exist
    [query] => SELECT u.* FROM prefix_openid as o, prefix_user as u WHERE openid = 'http://openid.yandex.ru/dobriynickita/' and u.user_id=o.user_id 
    [context] => X:\home\maket\www\plugins\openid\classes\modules\openid\mapper\Openid.mapper.class.php line 74
)
]
[2013-12-16 13:31:52][800][8741][ERROR][SQL Error: Table 'social.prefix_openid' doesn't exist at X:\home\maket\www\plugins\openid\classes\modules\openid\mapper\Openid.mapper.class.php line 74<br>
Array
(
    [code] => 1146
    [message] => Table 'social.prefix_openid' doesn't exist
    [query] => SELECT u.* FROM prefix_openid as o, prefix_user as u WHERE openid = 'http://openid.yandex.ru/dobriynickita/' and u.user_id=o.user_id 
    [context] => X:\home\maket\www\plugins\openid\classes\modules\openid\mapper\Openid.mapper.class.php line 74
)
]
[2013-12-16 13:33:55][800][8701][ERROR][SQL Error: Table 'social.prefix_openid' doesn't exist at X:\home\maket\www\plugins\openid\classes\modules\openid\mapper\Openid.mapper.class.php line 74<br>
Array
(
    [code] => 1146
    [message] => Table 'social.prefix_openid' doesn't exist
    [query] => SELECT u.* FROM prefix_openid as o, prefix_user as u WHERE openid = 'http://openid.yandex.ru/dobriynickita/' and u.user_id=o.user_id 
    [context] => X:\home\maket\www\plugins\openid\classes\modules\openid\mapper\Openid.mapper.class.php line 74
)
]
[2013-12-16 13:34:11][800][9158][ERROR][SQL Error: Table 'social.prefix_openid' doesn't exist at X:\home\maket\www\plugins\openid\classes\modules\openid\mapper\Openid.mapper.class.php line 74<br>
Array
(
    [code] => 1146
    [message] => Table 'social.prefix_openid' doesn't exist
    [query] => SELECT u.* FROM prefix_openid as o, prefix_user as u WHERE openid = 'http://openid.yandex.ru/dobriynickita/' and u.user_id=o.user_id 
    [context] => X:\home\maket\www\plugins\openid\classes\modules\openid\mapper\Openid.mapper.class.php line 74
)
]
[2013-12-16 13:38:36][800][5779][ERROR][SQL Error: Table 'social.prefix_openid' doesn't exist at X:\home\maket\www\plugins\openid\classes\modules\openid\mapper\Openid.mapper.class.php line 74<br>
Array
(
    [code] => 1146
    [message] => Table 'social.prefix_openid' doesn't exist
    [query] => SELECT u.* FROM prefix_openid as o, prefix_user as u WHERE openid = 'http://openid.yandex.ru/zdfgz2013/' and u.user_id=o.user_id 
    [context] => X:\home\maket\www\plugins\openid\classes\modules\openid\mapper\Openid.mapper.class.php line 74
)
]
